<?xml version="1.0" encoding="UTF-8"?>
<!-- Generated by org.testng.reporters.JUnitReportReporter -->
<testsuite hostname="CITKalpesh" failures="0" tests="1" name="sauce_Labs_TestClasses.HomePageTest" time="11.660" errors="0" timestamp="2025-03-10T14:26:33 IST" skipped="0">
  <testcase classname="sauce_Labs_TestClasses.HomePageTest" name="getItemList" time="11.660"/>
  <system-out/>
</testsuite> <!-- sauce_Labs_TestClasses.HomePageTest -->
