<?xml version="1.0" encoding="UTF-8"?>
<!-- Generated by org.testng.reporters.JUnitReportReporter -->
<testsuite hostname="CITKalpesh" failures="0" tests="1" name="sauce_Labs_TestClasses.LoginPageTest" time="21.627" errors="0" timestamp="2025-03-06T16:08:04 IST" skipped="0">
  <testcase classname="sauce_Labs_TestClasses.LoginPageTest" name="logintoSauceLab" time="21.627"/>
  <system-out/>
</testsuite> <!-- sauce_Labs_TestClasses.LoginPageTest -->
