<?xml version="1.0" encoding="UTF-8"?>
<!-- Generated by org.testng.reporters.JUnitReportReporter -->
<testsuite hostname="CITKalpesh" failures="0" tests="1" name="sauce_Labs_TestClasses.LoginPageTest" time="9.906" errors="0" timestamp="2025-03-10T12:48:23 IST" skipped="0">
  <testcase classname="sauce_Labs_TestClasses.LoginPageTest" name="logintoSauceLab" time="9.906"/>
  <system-out/>
</testsuite> <!-- sauce_Labs_TestClasses.LoginPageTest -->
