<?xml version="1.0" encoding="UTF-8"?>
<!-- Generated by org.testng.reporters.JUnitReportReporter -->
<testsuite hostname="LAPTOP-OHDRA29K" failures="0" tests="5" name="sauce_Labs_TestClasses.HomePageTest" time="26.323" errors="0" timestamp="2025-03-08T23:51:18 IST" skipped="0">
  <testcase classname="sauce_Labs_TestClasses.HomePageTest" name="getItemList" time="3.393"/>
  <system-out/>
  <testcase classname="sauce_Labs_TestClasses.HomePageTest" name="itemCheckoutFlow" time="6.827"/>
  <system-out/>
  <testcase classname="sauce_Labs_TestClasses.HomePageTest" name="homepglogo" time="3.323"/>
  <system-out/>
  <testcase classname="sauce_Labs_TestClasses.HomePageTest" name="itemaddToCart" time="5.251"/>
  <system-out/>
  <testcase classname="sauce_Labs_TestClasses.HomePageTest" name="itemCheckoutFlowUsingFaker" time="7.529"/>
  <system-out/>
</testsuite> <!-- sauce_Labs_TestClasses.HomePageTest -->
