<?xml version="1.0" encoding="UTF-8"?>
<!-- Generated by org.testng.reporters.JUnitReportReporter -->
<testsuite hostname="CITKalpesh" failures="0" tests="1" name="sauce_Labs_TestClasses.LoginPageTest" time="13.407" errors="0" timestamp="2025-03-03T17:43:24 IST" skipped="0">
  <testcase classname="sauce_Labs_TestClasses.LoginPageTest" name="logintoSauceLab" time="13.407"/>
  <system-out/>
</testsuite> <!-- sauce_Labs_TestClasses.LoginPageTest -->
