<?xml version="1.0" encoding="UTF-8"?>
<!-- Generated by org.testng.reporters.JUnitReportReporter -->
<testsuite hostname="CITKalpesh" failures="0" tests="1" name="sauce_Labs_TestClasses.HomePageTest" time="14.082" errors="0" timestamp="2025-03-07T18:31:12 IST" skipped="0">
  <testcase classname="sauce_Labs_TestClasses.HomePageTest" name="itemCheckoutFlow" time="14.082"/>
  <system-out/>
</testsuite> <!-- sauce_Labs_TestClasses.HomePageTest -->
